\BOOKMARK [0][-]{chapter.1}{\376\377\000\332\000v\000o\000d}{}% 1
\BOOKMARK [1][-]{section.1.1}{\376\377\000A\000u\000t\000o\000r\000i\000\040\000p\000r\000o\000j\000e\000k\000t\000u}{chapter.1}% 2
\BOOKMARK [2][-]{subsection.1.1.1}{\376\377\000H\000l\000a\000v\000n\000\355\000\040\000a\000u\000t\000o\000r\000i}{section.1.1}% 3
\BOOKMARK [2][-]{subsection.1.1.2}{\376\377\000O\000d\000b\000o\000r\000n\000\355\000\040\000k\000o\000n\000z\000u\000l\000t\000a\000n\000t\000i}{section.1.1}% 4
\BOOKMARK [1][-]{section.1.2}{\376\377\000V\000a\000l\000i\000d\000i\000t\000a\000\040\000m\000o\000d\000e\000l\000u}{chapter.1}% 5
\BOOKMARK [0][-]{chapter.2}{\376\377\000R\000o\000z\000b\000o\000r\000\040\000t\000\351\000m\000y\000\040\000a\000\040\000p\000o\000u\001\176\000i\000t\000\375\000c\000h\000\040\000m\000e\000t\000\363\000d\000/\000t\000e\000c\000h\000n\000o\000l\000\363\000g\000i\000\355}{}% 6
\BOOKMARK [1][-]{section.2.1}{\376\377\000I\000m\000p\000l\000e\000m\000e\000n\000t\000a\001\015\000n\000\351\000\040\000n\000\341\000s\000t\000r\000o\000j\000e}{chapter.2}% 7
\BOOKMARK [1][-]{section.2.2}{\376\377\001\175\000e\000l\000e\000z\000n\000i\001\015\000n\000\341\000\040\000s\000t\000a\000n\000i\000c\000a\000\040\001\175\000i\000l\000i\000n\000a}{chapter.2}% 8
\BOOKMARK [1][-]{section.2.3}{\376\377\000G\000r\000a\000f\000i\000k\000o\000n\000\040\000v\000l\000a\000k\000o\000v\000e\000j\000\040\000d\000o\000p\000r\000a\000v\000y}{chapter.2}% 9
\BOOKMARK [1][-]{section.2.4}{\376\377\000P\000l\000\341\000n\000\040\000v\000l\000a\000k\000o\000t\000v\000o\000r\000b\000y\000\040\000n\000\341\000k\000l\000a\000d\000n\000e\000j\000\040\000d\000o\000p\000r\000a\000v\000y}{chapter.2}% 10
\BOOKMARK [1][-]{section.2.5}{\376\377\000P\000o\000r\000u\000c\000h\000y\000\040\000v\000o\000z\001\110\000o\000v\000\040\000a\000\040\000h\000n\000a\000c\000\355\000c\000h\000\040\000d\000r\000\341\000h\000o\000v\000\375\000c\000h\000\040\000v\000o\000z\000i\000d\000i\000e\000l}{chapter.2}% 11
\BOOKMARK [1][-]{section.2.6}{\376\377\000P\000l\000\341\000n\000\040\000o\000b\000s\000a\000d\000e\000n\000i\000a\000\040\000k\000o\001\076\000a\000j\000\355}{chapter.2}% 12
\BOOKMARK [1][-]{section.2.7}{\376\377\000O\000b\000r\000a\000t\000y\000\040\000r\000u\001\141\001\110\000o\000v\000,\000\040\000r\000u\001\141\000n\000o\000v\000o\000d\000i\001\015\000o\000v\000,\000\040\000s\000\372\000p\000r\000a\000v\000\040\000a\000\040\000v\000l\000a\000k\000o\000v\000\375\000c\000h\000\040\001\015\000i\000a\000t}{chapter.2}% 13
\BOOKMARK [0][-]{chapter.3}{\376\377\000K\000o\000n\000c\000e\000p\000c\000i\000a\000\040\000m\000o\000d\000e\000l\000u}{}% 14
\BOOKMARK [1][-]{section.3.1}{\376\377\000O\000b\000s\000a\000d\000z\000o\000v\000a\000n\000i\000e\000\040\000k\000o\001\076\000a\000j\000\355\000\040\001\176\000e\000l\000e\000z\000n\000i\001\015\000n\000e\000j\000\040\000s\000t\000a\000n\000i\000c\000e\000\040\001\175\000i\000l\000i\000n\000a}{chapter.3}% 15
\BOOKMARK [1][-]{section.3.2}{\376\377\000M\000o\000d\000e\000l\000\040\000g\000r\000a\000f\000i\000k\000o\000n\000u\000\040\000v\000l\000a\000k\000o\000v\000e\000j\000\040\000d\000o\000p\000r\000a\000v\000y}{chapter.3}% 16
\BOOKMARK [1][-]{section.3.3}{\376\377\000M\000o\000d\000e\000l\000\040\000p\000o\000r\000\372\000c\000h}{chapter.3}% 17
\BOOKMARK [1][-]{section.3.4}{\376\377\000M\000o\000d\000e\000l\000\040\000n\000\341\000k\000l\000a\000d\000n\000e\000j\000\040\000d\000o\000p\000r\000a\000v\000y}{chapter.3}% 18
\BOOKMARK [1][-]{section.3.5}{\376\377\000M\000o\000d\000e\000l\000\040\000o\000b\000r\000a\000t\000o\000v}{chapter.3}% 19
\BOOKMARK [0][-]{chapter.4}{\376\377\000A\000r\000c\000h\000i\000t\000e\000k\000t\000\372\000r\000a\000\040\000s\000i\000m\000u\000l\000a\001\015\000n\000\351\000h\000o\000\040\000m\000o\000d\000e\000l\000u}{}% 20
\BOOKMARK [0][-]{chapter.5}{\376\377\000P\000o\000d\000s\000t\000a\000t\000a\000\040\000s\000i\000m\000u\000l\000a\001\015\000n\000\375\000c\000h\000\040\000e\000x\000p\000e\000r\000i\000m\000e\000n\000t\000o\000v\000\040\000a\000\040\000i\000c\000h\000\040\000p\000r\000i\000e\000b\000e\000h}{}% 21
\BOOKMARK [1][-]{section.5.1}{\376\377\000P\000o\000s\000t\000u\000p\000\040\000e\000x\000p\000e\000r\000i\000m\000e\000n\000t\000o\000v\000a\000n\000i\000a\000\040\000a\000\040\000o\000k\000o\000l\000n\000o\000s\000t\000i\000\040\001\141\000t\000\372\000d\000i\000e}{chapter.5}% 22
\BOOKMARK [1][-]{section.5.2}{\376\377\000D\000o\000k\000u\000m\000e\000n\000t\000\341\000c\000i\000a\000\040\000j\000e\000d\000n\000o\000t\000l\000i\000v\000\375\000c\000h\000\040\000e\000x\000p\000e\000r\000i\000m\000e\000n\000t\000o\000v}{chapter.5}% 23
\BOOKMARK [2][-]{subsection.5.2.1}{\376\377\000M\000e\001\141\000k\000a\000n\000i\000e\000\040\000v\000l\000a\000k\000o\000v\000\040\000o\000s\000o\000b\000n\000e\000j\000\040\000d\000o\000p\000r\000a\000v\000y}{section.5.2}% 24
\BOOKMARK [2][-]{subsection.5.2.2}{\376\377\000V\000p\000l\000y\000v\000\040\000p\000o\000r\000\372\000c\000h\000\040\000n\000a\000\040\000m\000e\001\141\000k\000a\000n\000i\000e\000\040\000v\000l\000a\000k\000o\000v\000\040\000o\000s\000o\000b\000n\000e\000j\000\040\000d\000o\000p\000r\000a\000v\000y}{section.5.2}% 25
\BOOKMARK [2][-]{subsection.5.2.3}{\376\377\000V\000y\001\145\000a\001\176\000e\000n\000i\000e\000\040\000k\000o\001\076\000a\000j\000\355\000\040\000o\000s\000o\000b\000n\000e\000j\000\040\000d\000o\000p\000r\000a\000v\000y}{section.5.2}% 26
\BOOKMARK [1][-]{section.5.3}{\376\377\000Z\000\341\000v\000e\000r\000\040\000e\000x\000p\000e\000r\000i\000m\000e\000n\000t\000o\000v}{chapter.5}% 27
\BOOKMARK [0][-]{chapter.6}{\376\377\000Z\000\341\000v\000e\000r}{}% 28
